TN:
SF:client\pages\CalculatorPage\Calculator.tsx
FN:13,(anonymous_7)
FN:15,(anonymous_8)
FN:35,(anonymous_9)
FN:45,(anonymous_10)
FN:59,(anonymous_11)
FN:74,(anonymous_12)
FN:75,(anonymous_13)
FN:83,(anonymous_14)
FN:90,addToHistory
FN:101,(anonymous_16)
FN:122,(anonymous_17)
FN:132,(anonymous_18)
FN:147,(anonymous_19)
FN:155,(anonymous_20)
FN:218,(anonymous_21)
FN:227,(anonymous_22)
FN:239,(anonymous_23)
FN:254,(anonymous_24)
FN:259,(anonymous_25)
FN:265,(anonymous_26)
FN:272,(anonymous_27)
FN:287,(anonymous_28)
FNF:22
FNH:16
FNDA:64,(anonymous_7)
FNDA:114,(anonymous_8)
FNDA:67,(anonymous_9)
FNDA:0,(anonymous_10)
FNDA:0,(anonymous_11)
FNDA:10,(anonymous_12)
FNDA:0,(anonymous_13)
FNDA:10,(anonymous_14)
FNDA:1,addToHistory
FNDA:33,(anonymous_16)
FNDA:3,(anonymous_17)
FNDA:7,(anonymous_18)
FNDA:1,(anonymous_19)
FNDA:1,(anonymous_20)
FNDA:1,(anonymous_21)
FNDA:1,(anonymous_22)
FNDA:1,(anonymous_23)
FNDA:0,(anonymous_24)
FNDA:0,(anonymous_25)
FNDA:0,(anonymous_26)
FNDA:2147,(anonymous_27)
FNDA:47,(anonymous_28)
DA:1,1
DA:8,1
DA:9,1
DA:10,1
DA:11,1
DA:13,64
DA:15,1
DA:18,114
DA:21,113
DA:29,113
DA:35,113
DA:36,67
DA:37,12
DA:39,55
DA:43,113
DA:45,113
DA:46,0
DA:47,0
DA:48,0
DA:49,0
DA:51,0
DA:59,113
DA:60,0
DA:61,0
DA:62,0
DA:63,0
DA:65,0
DA:73,113
DA:74,113
DA:75,10
DA:76,0
DA:77,0
DA:81,10
DA:83,10
DA:84,10
DA:91,1
DA:92,1
DA:93,1
DA:94,1
DA:95,1
DA:97,0
DA:101,113
DA:102,33
DA:103,33
DA:105,33
DA:106,32
DA:107,32
DA:108,10
DA:109,32
DA:122,113
DA:123,3
DA:124,3
DA:126,3
DA:132,113
DA:133,7
DA:134,7
DA:135,7
DA:137,7
DA:147,113
DA:148,1
DA:149,1
DA:150,1
DA:151,1
DA:153,1
DA:155,1
DA:156,1
DA:164,1
DA:165,1
DA:167,1
DA:168,1
DA:170,1
DA:171,1
DA:173,1
DA:174,1
DA:175,1
DA:176,1
DA:177,1
DA:178,1
DA:179,1
DA:180,1
DA:184,1
DA:185,1
DA:187,1
DA:188,0
DA:189,0
DA:190,0
DA:192,0
DA:193,0
DA:195,0
DA:198,1
DA:201,1
DA:214,1
DA:218,113
DA:219,1
DA:227,113
DA:228,1
DA:229,1
DA:231,1
DA:239,113
DA:240,1
DA:248,113
DA:255,0
DA:256,0
DA:259,0
DA:266,0
DA:273,2147
DA:288,47
DA:311,1
LF:108
LH:85
BRDA:36,0,0,12
BRDA:36,0,1,55
BRDA:36,1,0,67
BRDA:36,1,1,12
BRDA:36,1,2,12
BRDA:68,2,0,0
BRDA:68,2,1,0
BRDA:76,3,0,0
BRDA:76,4,0,0
BRDA:76,4,1,0
BRDA:91,5,0,1
BRDA:91,5,1,1
BRDA:105,6,0,32
BRDA:107,7,0,10
BRDA:112,8,0,0
BRDA:112,8,1,32
BRDA:112,9,0,32
BRDA:112,9,1,10
BRDA:114,10,0,28
BRDA:114,10,1,4
BRDA:117,11,0,30
BRDA:117,11,1,2
BRDA:128,12,0,2
BRDA:128,12,1,1
BRDA:140,13,0,0
BRDA:140,13,1,7
BRDA:140,14,0,7
BRDA:140,14,1,0
BRDA:141,15,0,4
BRDA:141,15,1,3
BRDA:141,16,0,7
BRDA:141,16,1,7
BRDA:141,16,2,7
BRDA:141,16,3,3
BRDA:153,17,0,1
BRDA:153,18,0,1
BRDA:153,18,1,1
BRDA:156,19,0,0
BRDA:156,19,1,1
BRDA:158,20,0,0
BRDA:158,20,1,1
BRDA:160,21,0,0
BRDA:160,21,1,1
BRDA:167,22,0,1
BRDA:175,23,0,1
BRDA:175,24,0,1
BRDA:175,24,1,1
BRDA:184,25,0,1
BRDA:187,26,0,0
BRDA:188,27,0,0
BRDA:188,27,1,0
BRDA:204,28,0,0
BRDA:204,28,1,1
BRDA:204,29,0,1
BRDA:204,29,1,0
BRDA:209,30,0,0
BRDA:209,30,1,1
BRDA:209,31,0,1
BRDA:209,31,1,0
BRDA:221,32,0,1
BRDA:221,32,1,0
BRDA:222,33,0,1
BRDA:222,33,1,0
BRDA:228,34,0,1
BRDA:228,34,1,0
BRDA:229,35,0,1
BRDA:229,35,1,0
BRDA:250,36,0,0
BRDA:250,36,1,113
BRDA:253,37,0,0
BRDA:253,37,1,0
BRDA:263,38,0,113
BRDA:263,38,1,0
BRDA:277,39,0,113
BRDA:277,39,1,2034
BRDA:279,40,0,113
BRDA:279,40,1,1921
BRDA:281,41,0,452
BRDA:281,41,1,1469
BRDA:281,42,0,1921
BRDA:281,42,1,1808
BRDA:281,42,2,1695
BRDA:281,42,3,1582
BRDA:281,42,4,1469
BRDA:283,43,0,339
BRDA:283,43,1,1130
BRDA:283,44,0,1469
BRDA:283,44,1,1378
BRDA:283,44,2,1356
BRDA:283,44,3,1243
BRDA:288,45,0,1
BRDA:288,45,1,46
BRDA:288,46,0,47
BRDA:288,46,1,46
BRDA:290,47,0,1
BRDA:290,47,1,45
BRDA:292,48,0,1
BRDA:292,48,1,44
BRDA:294,49,0,1
BRDA:294,49,1,43
BRDA:296,50,0,7
BRDA:296,50,1,36
BRDA:296,51,0,43
BRDA:296,51,1,41
BRDA:296,51,2,40
BRDA:296,51,3,39
BRDA:298,52,0,3
BRDA:298,52,1,33
BRF:108
BRH:82
end_of_record
TN:
SF:client\pages\CalculatorPage\components\Button\Button.tsx
FN:10,(anonymous_1)
FNF:1
FNH:1
FNDA:1273,(anonymous_1)
DA:1,1
DA:2,1
DA:10,1
DA:11,1273
DA:18,1
LF:5
LH:5
BRF:0
BRH:0
end_of_record
TN:
SF:client\pages\CalculatorPage\components\ButtonBox\ButtonBox.tsx
FN:8,(anonymous_1)
FNF:1
FNH:1
FNDA:67,(anonymous_1)
DA:1,1
DA:2,1
DA:8,1
DA:9,67
DA:12,1
LF:5
LH:5
BRF:0
BRH:0
end_of_record
TN:
SF:client\pages\CalculatorPage\components\Screen\Screen.tsx
FN:13,(anonymous_1)
FNF:1
FNH:1
FNDA:67,(anonymous_1)
DA:2,1
DA:3,1
DA:13,1
DA:14,67
DA:21,1
LF:5
LH:5
BRF:0
BRH:0
end_of_record
TN:
SF:client\pages\CalculatorPage\components\Wrapper\Wrapper.tsx
FN:12,(anonymous_1)
FNF:1
FNH:1
FNDA:67,(anonymous_1)
DA:1,1
DA:2,1
DA:12,1
DA:13,67
DA:16,1
LF:5
LH:5
BRF:0
BRH:0
end_of_record
TN:
SF:client\pages\HistoryPage\History.tsx
FN:4,(anonymous_1)
FN:14,(anonymous_2)
FNF:2
FNH:2
FNDA:1,(anonymous_1)
FNDA:1,(anonymous_2)
DA:2,1
DA:4,1
DA:5,1
DA:6,1
DA:7,1
DA:10,1
DA:15,1
DA:22,1
LF:8
LH:8
BRDA:6,0,0,1
BRDA:7,1,0,1
BRDA:7,1,1,0
BRF:3
BRH:2
end_of_record
TN:
SF:client\pages\HomePage\Home.tsx
FN:3,(anonymous_1)
FNF:1
FNH:1
FNDA:1,(anonymous_1)
DA:1,1
DA:3,1
DA:4,1
DA:11,1
LF:4
LH:4
BRF:0
BRH:0
end_of_record
